# JRE version: OpenJDK Runtime Environment (20.0+36) (build 20+36-2344)
# Java VM: OpenJDK 64-Bit Server VM (20+36-2344, mixed mode, emulated-client, sharing, tiered, compressed oops, compressed class ptrs, g1 gc, windows-amd64)
GC Precious Log:
 CardTable entry size: 512
 Card Set container configuration: InlinePtr #cards 4 size 8 Array Of Cards #cards 16 size 48 Howl #buckets 8 coarsen threshold 3686 Howl Bitmap #cards 512 size 80 coarsen threshold 460 Card regions per heap region 1 cards per card region 4096
 CPUs: 8 total, 8 available
 Memory: 11725M
 Large Page Support: Disabled
 NUMA Support: Disabled
 Compressed Oops: Enabled (Zero based)
 Heap Region Size: 2M
 Heap Min Capacity: 8M
 Heap Initial Capacity: 184M
 Heap Max Capacity: 2932M
 Pre-touch: Disabled
 Parallel Workers: 8
 Concurrent Workers: 2
 Concurrent Refinement Workers: 8
 Periodic GC: Disabled
Heap:
 garbage-first heap   total 69632K, used 32569K [0x0000000748c00000, 0x0000000800000000)
  region size 2048K, 2 young (4096K), 1 survivors (2048K)
 Metaspace       used 72204K, committed 73408K, reserved 1114112K
  class space    used 10183K, committed 10624K, reserved 1048576K
GC Heap History (20 events):
Event: 7.136 GC heap before
{Heap before GC invocations=14 (full 0):
 garbage-first heap   total 67584K, used 55504K [0x0000000748c00000, 0x0000000800000000)
  region size 2048K, 17 young (34816K), 2 survivors (4096K)
 Metaspace       used 57178K, committed 57856K, reserved 1114112K
  class space    used 7962K, committed 8256K, reserved 1048576K
}
Event: 7.140 GC heap after
{Heap after GC invocations=15 (full 0):
 garbage-first heap   total 67584K, used 25863K [0x0000000748c00000, 0x0000000800000000)
  region size 2048K, 2 young (4096K), 2 survivors (4096K)
 Metaspace       used 57178K, committed 57856K, reserved 1114112K
  class space    used 7962K, committed 8256K, reserved 1048576K
}
Event: 7.698 GC heap before
{Heap before GC invocations=15 (full 0):
 garbage-first heap   total 67584K, used 56583K [0x0000000748c00000, 0x0000000800000000)
  region size 2048K, 17 young (34816K), 2 survivors (4096K)
 Metaspace       used 60690K, committed 61376K, reserved 1114112K
  class space    used 8475K, committed 8768K, reserved 1048576K
}
Event: 7.705 GC heap after
{Heap after GC invocations=16 (full 0):
 garbage-first heap   total 67584K, used 27489K [0x0000000748c00000, 0x0000000800000000)
  region size 2048K, 3 young (6144K), 3 survivors (6144K)
 Metaspace       used 60690K, committed 61376K, reserved 1114112K
  class space    used 8475K, committed 8768K, reserved 1048576K
}
Event: 8.275 GC heap before
{Heap before GC invocations=16 (full 0):
 garbage-first heap   total 67584K, used 52065K [0x0000000748c00000, 0x0000000800000000)
  region size 2048K, 15 young (30720K), 3 survivors (6144K)
 Metaspace       used 62686K, committed 63424K, reserved 1114112K
  class space    used 8775K, committed 9088K, reserved 1048576K
}
Event: 8.280 GC heap after
{Heap after GC invocations=17 (full 0):
 garbage-first heap   total 67584K, used 29491K [0x0000000748c00000, 0x0000000800000000)
  region size 2048K, 2 young (4096K), 2 survivors (4096K)
 Metaspace       used 62686K, committed 63424K, reserved 1114112K
  class space    used 8775K, committed 9088K, reserved 1048576K
}
Event: 8.954 GC heap before
{Heap before GC invocations=17 (full 0):
 garbage-first heap   total 67584K, used 56115K [0x0000000748c00000, 0x0000000800000000)
  region size 2048K, 15 young (30720K), 2 survivors (4096K)
 Metaspace       used 67079K, committed 67776K, reserved 1114112K
  class space    used 9515K, committed 9792K, reserved 1048576K
}
Event: 8.959 GC heap after
{Heap after GC invocations=18 (full 0):
 garbage-first heap   total 67584K, used 30800K [0x0000000748c00000, 0x0000000800000000)
  region size 2048K, 2 young (4096K), 2 survivors (4096K)
 Metaspace       used 67079K, committed 67776K, reserved 1114112K
  class space    used 9515K, committed 9792K, reserved 1048576K
}
Event: 41.922 GC heap before
{Heap before GC invocations=19 (full 0):
 garbage-first heap   total 67584K, used 53328K [0x0000000748c00000, 0x0000000800000000)
  region size 2048K, 14 young (28672K), 2 survivors (4096K)
 Metaspace       used 70727K, committed 71552K, reserved 1114112K
  class space    used 10050K, committed 10432K, reserved 1048576K
}
Event: 41.928 GC heap after
{Heap after GC invocations=20 (full 0):
 garbage-first heap   total 67584K, used 33474K [0x0000000748c00000, 0x0000000800000000)
  region size 2048K, 2 young (4096K), 2 survivors (4096K)
 Metaspace       used 70727K, committed 71552K, reserved 1114112K
  class space    used 10050K, committed 10432K, reserved 1048576K
}
Event: 43.575 GC heap before
{Heap before GC invocations=20 (full 0):
 garbage-first heap   total 67584K, used 56002K [0x0000000748c00000, 0x0000000800000000)
  region size 2048K, 13 young (26624K), 2 survivors (4096K)
 Metaspace       used 72581K, committed 73344K, reserved 1114112K
  class space    used 10275K, committed 10624K, reserved 1048576K
}
Event: 43.583 GC heap after
{Heap after GC invocations=21 (full 0):
 garbage-first heap   total 67584K, used 34602K [0x0000000748c00000, 0x0000000800000000)
  region size 2048K, 1 young (2048K), 1 survivors (2048K)
 Metaspace       used 72581K, committed 73344K, reserved 1114112K
  class space    used 10275K, committed 10624K, reserved 1048576K
}
Event: 47.570 GC heap before
{Heap before GC invocations=21 (full 0):
 garbage-first heap   total 67584K, used 57130K [0x0000000748c00000, 0x0000000800000000)
  region size 2048K, 12 young (24576K), 1 survivors (2048K)
 Metaspace       used 72583K, committed 73344K, reserved 1114112K
  class space    used 10275K, committed 10624K, reserved 1048576K
}
Event: 47.573 GC heap after
{Heap after GC invocations=22 (full 0):
 garbage-first heap   total 67584K, used 34570K [0x0000000748c00000, 0x0000000800000000)
  region size 2048K, 1 young (2048K), 1 survivors (2048K)
 Metaspace       used 72583K, committed 73344K, reserved 1114112K
  class space    used 10275K, committed 10624K, reserved 1048576K
}
Event: 50.613 GC heap before
{Heap before GC invocations=23 (full 0):
 garbage-first heap   total 69632K, used 57098K [0x0000000748c00000, 0x0000000800000000)
  region size 2048K, 12 young (24576K), 1 survivors (2048K)
 Metaspace       used 72189K, committed 73344K, reserved 1114112K
  class space    used 10179K, committed 10624K, reserved 1048576K
}
Event: 50.616 GC heap after
{Heap after GC invocations=24 (full 0):
 garbage-first heap   total 69632K, used 34506K [0x0000000748c00000, 0x0000000800000000)
  region size 2048K, 1 young (2048K), 1 survivors (2048K)
 Metaspace       used 72189K, committed 73344K, reserved 1114112K
  class space    used 10179K, committed 10624K, reserved 1048576K
}
Event: 340.431 GC heap before
{Heap before GC invocations=24 (full 0):
 garbage-first heap   total 69632K, used 59082K [0x0000000748c00000, 0x0000000800000000)
  region size 2048K, 13 young (26624K), 1 survivors (2048K)
 Metaspace       used 72201K, committed 73408K, reserved 1114112K
  class space    used 10181K, committed 10624K, reserved 1048576K
}
Event: 340.435 GC heap after
{Heap after GC invocations=25 (full 0):
 garbage-first heap   total 69632K, used 32798K [0x0000000748c00000, 0x0000000800000000)
  region size 2048K, 1 young (2048K), 1 survivors (2048K)
 Metaspace       used 72201K, committed 73408K, reserved 1114112K
  class space    used 10181K, committed 10624K, reserved 1048576K
}
Event: 1114.302 GC heap before
{Heap before GC invocations=25 (full 0):
 garbage-first heap   total 69632K, used 59422K [0x0000000748c00000, 0x0000000800000000)
  region size 2048K, 14 young (28672K), 1 survivors (2048K)
 Metaspace       used 72204K, committed 73408K, reserved 1114112K
  class space    used 10183K, committed 10624K, reserved 1048576K
}
Event: 1114.304 GC heap after
{Heap after GC invocations=26 (full 0):
 garbage-first heap   total 69632K, used 32569K [0x0000000748c00000, 0x0000000800000000)
  region size 2048K, 1 young (2048K), 1 survivors (2048K)
 Metaspace       used 72204K, committed 73408K, reserved 1114112K
  class space    used 10183K, committed 10624K, reserved 1048576K
}

